[[95m2021-06-18 23:54:39.187612[0m] LoRaGateWay Start
[[95m2021-06-18 23:54:39.608489[0m] start lora config
[93mLoRa -> SLEEP[0m
[93mLoRa -> FSK_STDBY[0m
[93mLoRa -> SLEEP[0m
[93mLoRa -> SLEEP[0m
[93mLoRa -> STDBY[0m
[93mLoRa -> STDBY[0m
[93mLoRa -> STDBY[0m
[[95m2021-06-18 23:54:39.698321[0m] SX127x LoRa registers:
 modulation         1
 mode               STDBY
 freq               433.000000 MHz
 coding_rate        CR4_5
 bw                 BW62_5
 spreading_factor   4096 chips/symb
 implicit_hdr_mode  ON
 rx_payload_crc     ON
 tx_cont_mode       OFF
 preamble           32
 low_data_rate_opti ON
 agc_auto_on        OFF
 symb_timeout       100
 freq_hop_period    0
 hop_channel        {'pll_timeout': 0, 'crc_on_payload': 0, 'fhss_present_channel': 0}
 payload_length     10
 max_payload_length 255
 irq_flags_mask     {'rx_timeout': 0, 'rx_done': 0, 'crc_error': 0, 'valid_header': 0, 'tx_done': 0, 'cad_done': 0, 'fhss_change_ch': 0, 'cad_detected': 0}
 irq_flags          {'rx_timeout': 0, 'rx_done': 0, 'crc_error': 0, 'valid_header': 0, 'tx_done': 0, 'cad_done': 0, 'fhss_change_ch': 0, 'cad_detected': 0}
 rx_nb_byte         0
 rx_header_cnt      0
 rx_packet_cnt      0
 pkt_snr_value      64.000000
 pkt_rssi_value     -164
 rssi_value         -164
 fei                0
 pa_select          PA_BOOST
 max_power          13.800000 dBm
 output_power       13.800000 dBm
 ocp                ON
 ocp_trim           200.000000 mA
 lna_gain           G1
 lna_boost_lf       0b0
 lna_boost_hf       0b0
 detect_optimize    0x3
 detection_thresh   0xa
 sync_word          0x12
 dio_mapping 0..5   [0, 0, 0, 0, 0, 0]
 tcxo               XTAL
 pa_dac             PA_BOOST
 fifo_addr_ptr      0x0
 fifo_tx_base_addr  0x80
 fifo_rx_base_addr  0x0
 fifo_rx_curr_addr  0x0
 fifo_rx_byte_addr  0x0
 status             {'rx_coding_rate': 0, 'modem_clear': 1, 'header_info_valid': 0, 'rx_ongoing': 0, 'signal_sync': 0, 'signal_detected': 0}
 version            0x12

[[95m2021-06-18 23:54:39.698410[0m] create websocket
[93mLoRa -> RXCONT[0m
[[95m2021-06-18 23:54:39.700465[0m] [94mcurrent active thread 4[0m
Enter node ID (18, 19, 20): 
[[95m2021-06-18 23:54:40.705240[0m] reconnecting[1]
[[95m2021-06-18 23:54:41.807774[0m] on_sock_open
[[95m2021-06-18 23:54:41.807881[0m] [92mconnected to server successfully[0m
[93mLoRa -> SLEEP[0m
[[95m2021-06-18 23:55:05.247973[0m] Exit
[[95m2021-06-18 23:55:07.316880[0m] LoRaGateWay Start
[[95m2021-06-18 23:55:07.737813[0m] start lora config
[93mLoRa -> SLEEP[0m
[93mLoRa -> FSK_STDBY[0m
[93mLoRa -> SLEEP[0m
[93mLoRa -> SLEEP[0m
[93mLoRa -> STDBY[0m
[93mLoRa -> STDBY[0m
[93mLoRa -> STDBY[0m
[[95m2021-06-18 23:55:07.825613[0m] SX127x LoRa registers:
 modulation         1
 mode               STDBY
 freq               433.000000 MHz
 coding_rate        CR4_5
 bw                 BW62_5
 spreading_factor   4096 chips/symb
 implicit_hdr_mode  ON
 rx_payload_crc     ON
 tx_cont_mode       OFF
 preamble           32
 low_data_rate_opti ON
 agc_auto_on        OFF
 symb_timeout       100
 freq_hop_period    0
 hop_channel        {'pll_timeout': 0, 'crc_on_payload': 0, 'fhss_present_channel': 0}
 payload_length     10
 max_payload_length 255
 irq_flags_mask     {'rx_timeout': 0, 'rx_done': 0, 'crc_error': 0, 'valid_header': 0, 'tx_done': 0, 'cad_done': 0, 'fhss_change_ch': 0, 'cad_detected': 0}
 irq_flags          {'rx_timeout': 0, 'rx_done': 0, 'crc_error': 0, 'valid_header': 0, 'tx_done': 0, 'cad_done': 0, 'fhss_change_ch': 0, 'cad_detected': 0}
 rx_nb_byte         0
 rx_header_cnt      0
 rx_packet_cnt      0
 pkt_snr_value      64.000000
 pkt_rssi_value     -164
 rssi_value         -164
 fei                0
 pa_select          PA_BOOST
 max_power          13.800000 dBm
 output_power       13.800000 dBm
 ocp                ON
 ocp_trim           200.000000 mA
 lna_gain           G1
 lna_boost_lf       0b0
 lna_boost_hf       0b0
 detect_optimize    0x3
 detection_thresh   0xa
 sync_word          0x12
 dio_mapping 0..5   [0, 0, 0, 0, 0, 0]
 tcxo               XTAL
 pa_dac             PA_BOOST
 fifo_addr_ptr      0x0
 fifo_tx_base_addr  0x80
 fifo_rx_base_addr  0x0
 fifo_rx_curr_addr  0x0
 fifo_rx_byte_addr  0x0
 status             {'rx_coding_rate': 0, 'modem_clear': 1, 'header_info_valid': 0, 'rx_ongoing': 0, 'signal_sync': 0, 'signal_detected': 0}
 version            0x12

[[95m2021-06-18 23:55:07.825675[0m] create websocket
[93mLoRa -> RXCONT[0m
[[95m2021-06-18 23:55:07.828650[0m] [94mcurrent active thread 4[0m
Enter node ID (18, 19, 20): 
[[95m2021-06-18 23:55:08.832446[0m] reconnecting[1]
[[95m2021-06-18 23:55:10.104390[0m] on_sock_open
[[95m2021-06-18 23:55:10.104446[0m] [92mconnected to server successfully[0m
[[95m2021-06-18 23:55:27.464336[0m] LoRaGateWay Start
[[95m2021-06-18 23:55:27.886024[0m] start lora config
[93mLoRa -> SLEEP[0m
[93mLoRa -> FSK_STDBY[0m
[93mLoRa -> SLEEP[0m
[93mLoRa -> SLEEP[0m
[93mLoRa -> STDBY[0m
[93mLoRa -> STDBY[0m
[93mLoRa -> STDBY[0m
[[95m2021-06-18 23:55:27.974343[0m] SX127x LoRa registers:
 modulation         1
 mode               STDBY
 freq               433.000000 MHz
 coding_rate        CR4_5
 bw                 BW62_5
 spreading_factor   4096 chips/symb
 implicit_hdr_mode  ON
 rx_payload_crc     ON
 tx_cont_mode       OFF
 preamble           32
 low_data_rate_opti ON
 agc_auto_on        OFF
 symb_timeout       100
 freq_hop_period    0
 hop_channel        {'pll_timeout': 0, 'crc_on_payload': 0, 'fhss_present_channel': 0}
 payload_length     10
 max_payload_length 255
 irq_flags_mask     {'rx_timeout': 0, 'rx_done': 0, 'crc_error': 0, 'valid_header': 0, 'tx_done': 0, 'cad_done': 0, 'fhss_change_ch': 0, 'cad_detected': 0}
 irq_flags          {'rx_timeout': 0, 'rx_done': 0, 'crc_error': 0, 'valid_header': 0, 'tx_done': 0, 'cad_done': 0, 'fhss_change_ch': 0, 'cad_detected': 0}
 rx_nb_byte         0
 rx_header_cnt      0
 rx_packet_cnt      0
 pkt_snr_value      64.000000
 pkt_rssi_value     -164
 rssi_value         -164
 fei                0
 pa_select          PA_BOOST
 max_power          13.800000 dBm
 output_power       13.800000 dBm
 ocp                ON
 ocp_trim           200.000000 mA
 lna_gain           G1
 lna_boost_lf       0b0
 lna_boost_hf       0b0
 detect_optimize    0x3
 detection_thresh   0xa
 sync_word          0x12
 dio_mapping 0..5   [0, 0, 0, 0, 0, 0]
 tcxo               XTAL
 pa_dac             PA_BOOST
 fifo_addr_ptr      0x0
 fifo_tx_base_addr  0x80
 fifo_rx_base_addr  0x0
 fifo_rx_curr_addr  0x0
 fifo_rx_byte_addr  0x0
 status             {'rx_coding_rate': 0, 'modem_clear': 1, 'header_info_valid': 0, 'rx_ongoing': 0, 'signal_sync': 0, 'signal_detected': 0}
 version            0x12

[[95m2021-06-18 23:55:27.974417[0m] create websocket
[93mLoRa -> RXCONT[0m
[[95m2021-06-18 23:55:27.976056[0m] [94mcurrent active thread 4[0m
Enter node ID (18, 19, 20): 
[[95m2021-06-18 23:55:28.981249[0m] reconnecting[1]
[[95m2021-06-18 23:55:30.582026[0m] on_sock_open
[[95m2021-06-18 23:55:30.582081[0m] [92mconnected to server successfully[0m
[93mLoRa -> SLEEP[0m
[[95m2021-06-18 23:55:56.883964[0m] Exit
[[95m2021-06-18 23:57:44.702180[0m] LoRaGateWay Start
[[95m2021-06-18 23:57:45.123077[0m] start lora config
[93mLoRa -> SLEEP[0m
[93mLoRa -> FSK_STDBY[0m
[93mLoRa -> SLEEP[0m
[93mLoRa -> SLEEP[0m
[93mLoRa -> STDBY[0m
[93mLoRa -> STDBY[0m
[93mLoRa -> STDBY[0m
[[95m2021-06-18 23:57:45.211032[0m] SX127x LoRa registers:
 modulation         1
 mode               STDBY
 freq               433.000000 MHz
 coding_rate        CR4_5
 bw                 BW62_5
 spreading_factor   4096 chips/symb
 implicit_hdr_mode  ON
 rx_payload_crc     ON
 tx_cont_mode       OFF
 preamble           32
 low_data_rate_opti ON
 agc_auto_on        OFF
 symb_timeout       100
 freq_hop_period    0
 hop_channel        {'pll_timeout': 0, 'crc_on_payload': 0, 'fhss_present_channel': 0}
 payload_length     10
 max_payload_length 255
 irq_flags_mask     {'rx_timeout': 0, 'rx_done': 0, 'crc_error': 0, 'valid_header': 0, 'tx_done': 0, 'cad_done': 0, 'fhss_change_ch': 0, 'cad_detected': 0}
 irq_flags          {'rx_timeout': 0, 'rx_done': 0, 'crc_error': 0, 'valid_header': 0, 'tx_done': 0, 'cad_done': 0, 'fhss_change_ch': 0, 'cad_detected': 0}
 rx_nb_byte         0
 rx_header_cnt      0
 rx_packet_cnt      0
 pkt_snr_value      64.000000
 pkt_rssi_value     -164
 rssi_value         -164
 fei                0
 pa_select          PA_BOOST
 max_power          13.800000 dBm
 output_power       13.800000 dBm
 ocp                ON
 ocp_trim           200.000000 mA
 lna_gain           G1
 lna_boost_lf       0b0
 lna_boost_hf       0b0
 detect_optimize    0x3
 detection_thresh   0xa
 sync_word          0x12
 dio_mapping 0..5   [0, 0, 0, 0, 0, 0]
 tcxo               XTAL
 pa_dac             PA_BOOST
 fifo_addr_ptr      0x0
 fifo_tx_base_addr  0x80
 fifo_rx_base_addr  0x0
 fifo_rx_curr_addr  0x0
 fifo_rx_byte_addr  0x0
 status             {'rx_coding_rate': 0, 'modem_clear': 1, 'header_info_valid': 0, 'rx_ongoing': 0, 'signal_sync': 0, 'signal_detected': 0}
 version            0x12

[[95m2021-06-18 23:57:45.211105[0m] create websocket
[93mLoRa -> RXCONT[0m
[[95m2021-06-18 23:57:45.212718[0m] [94mcurrent active thread 4[0m
Enter node ID (18, 19, 20): 
[[95m2021-06-18 23:57:46.222976[0m] reconnecting[1]
[[95m2021-06-18 23:57:47.655046[0m] on_sock_open
[[95m2021-06-18 23:57:47.655118[0m] [92mconnected to server successfully[0m
[[95m2021-06-19 00:01:03.326917[0m] LoRaGateWay Start
[[95m2021-06-19 00:01:03.751502[0m] start lora config
[93mLoRa -> SLEEP[0m
[93mLoRa -> FSK_STDBY[0m
[93mLoRa -> SLEEP[0m
[93mLoRa -> SLEEP[0m
[93mLoRa -> STDBY[0m
[93mLoRa -> STDBY[0m
[93mLoRa -> STDBY[0m
[[95m2021-06-19 00:01:03.840287[0m] SX127x LoRa registers:
 modulation         1
 mode               STDBY
 freq               433.000000 MHz
 coding_rate        CR4_5
 bw                 BW62_5
 spreading_factor   4096 chips/symb
 implicit_hdr_mode  ON
 rx_payload_crc     ON
 tx_cont_mode       OFF
 preamble           32
 low_data_rate_opti ON
 agc_auto_on        OFF
 symb_timeout       100
 freq_hop_period    0
 hop_channel        {'pll_timeout': 0, 'crc_on_payload': 0, 'fhss_present_channel': 0}
 payload_length     10
 max_payload_length 255
 irq_flags_mask     {'rx_timeout': 0, 'rx_done': 0, 'crc_error': 0, 'valid_header': 0, 'tx_done': 0, 'cad_done': 0, 'fhss_change_ch': 0, 'cad_detected': 0}
 irq_flags          {'rx_timeout': 0, 'rx_done': 0, 'crc_error': 0, 'valid_header': 0, 'tx_done': 0, 'cad_done': 0, 'fhss_change_ch': 0, 'cad_detected': 0}
 rx_nb_byte         0
 rx_header_cnt      0
 rx_packet_cnt      0
 pkt_snr_value      64.000000
 pkt_rssi_value     -164
 rssi_value         -164
 fei                0
 pa_select          PA_BOOST
 max_power          13.800000 dBm
 output_power       13.800000 dBm
 ocp                ON
 ocp_trim           200.000000 mA
 lna_gain           G1
 lna_boost_lf       0b0
 lna_boost_hf       0b0
 detect_optimize    0x3
 detection_thresh   0xa
 sync_word          0x12
 dio_mapping 0..5   [0, 0, 0, 0, 0, 0]
 tcxo               XTAL
 pa_dac             PA_BOOST
 fifo_addr_ptr      0x0
 fifo_tx_base_addr  0x80
 fifo_rx_base_addr  0x0
 fifo_rx_curr_addr  0x0
 fifo_rx_byte_addr  0x0
 status             {'rx_coding_rate': 0, 'modem_clear': 1, 'header_info_valid': 0, 'rx_ongoing': 0, 'signal_sync': 0, 'signal_detected': 0}
 version            0x12

[[95m2021-06-19 00:01:03.840371[0m] create websocket
[93mLoRa -> RXCONT[0m
[[95m2021-06-19 00:01:03.841984[0m] [94mcurrent active thread 4[0m
[[95m2021-06-19 00:01:04.847038[0m] reconnecting[1]
Enter node ID (18, 19, 20): 
[[95m2021-06-19 00:01:06.109423[0m] on_sock_open
[[95m2021-06-19 00:01:06.109478[0m] [92mconnected to server successfully[0m
[93mLoRa -> SLEEP[0m
[[95m2021-06-19 00:01:50.420594[0m] Exit
[[95m2021-06-19 00:01:52.033691[0m] LoRaGateWay Start
[[95m2021-06-19 00:01:52.454550[0m] start lora config
[93mLoRa -> SLEEP[0m
[93mLoRa -> FSK_STDBY[0m
[93mLoRa -> SLEEP[0m
[93mLoRa -> SLEEP[0m
[93mLoRa -> STDBY[0m
[93mLoRa -> STDBY[0m
[93mLoRa -> STDBY[0m
[[95m2021-06-19 00:01:52.543427[0m] SX127x LoRa registers:
 modulation         1
 mode               STDBY
 freq               433.000000 MHz
 coding_rate        CR4_5
 bw                 BW62_5
 spreading_factor   4096 chips/symb
 implicit_hdr_mode  ON
 rx_payload_crc     ON
 tx_cont_mode       OFF
 preamble           32
 low_data_rate_opti ON
 agc_auto_on        OFF
 symb_timeout       100
 freq_hop_period    0
 hop_channel        {'pll_timeout': 0, 'crc_on_payload': 0, 'fhss_present_channel': 0}
 payload_length     10
 max_payload_length 255
 irq_flags_mask     {'rx_timeout': 0, 'rx_done': 0, 'crc_error': 0, 'valid_header': 0, 'tx_done': 0, 'cad_done': 0, 'fhss_change_ch': 0, 'cad_detected': 0}
 irq_flags          {'rx_timeout': 0, 'rx_done': 0, 'crc_error': 0, 'valid_header': 0, 'tx_done': 0, 'cad_done': 0, 'fhss_change_ch': 0, 'cad_detected': 0}
 rx_nb_byte         0
 rx_header_cnt      0
 rx_packet_cnt      0
 pkt_snr_value      64.000000
 pkt_rssi_value     -164
 rssi_value         -164
 fei                0
 pa_select          PA_BOOST
 max_power          13.800000 dBm
 output_power       13.800000 dBm
 ocp                ON
 ocp_trim           200.000000 mA
 lna_gain           G1
 lna_boost_lf       0b0
 lna_boost_hf       0b0
 detect_optimize    0x3
 detection_thresh   0xa
 sync_word          0x12
 dio_mapping 0..5   [0, 0, 0, 0, 0, 0]
 tcxo               XTAL
 pa_dac             PA_BOOST
 fifo_addr_ptr      0x0
 fifo_tx_base_addr  0x80
 fifo_rx_base_addr  0x0
 fifo_rx_curr_addr  0x0
 fifo_rx_byte_addr  0x0
 status             {'rx_coding_rate': 0, 'modem_clear': 1, 'header_info_valid': 0, 'rx_ongoing': 0, 'signal_sync': 0, 'signal_detected': 0}
 version            0x12

[[95m2021-06-19 00:01:52.543496[0m] create websocket
[93mLoRa -> RXCONT[0m
[[95m2021-06-19 00:01:52.545162[0m] [94mcurrent active thread 4[0m
Enter node ID (18, 19, 20): 
[[95m2021-06-19 00:01:53.555382[0m] reconnecting[1]
[[95m2021-06-19 00:01:54.919286[0m] on_sock_open
[[95m2021-06-19 00:01:54.919343[0m] [92mconnected to server successfully[0m
[[95m2021-06-19 00:02:19.810717[0m] LoRaGateWay Start
[[95m2021-06-19 00:02:20.232369[0m] start lora config
[93mLoRa -> SLEEP[0m
[93mLoRa -> FSK_STDBY[0m
[93mLoRa -> SLEEP[0m
[93mLoRa -> SLEEP[0m
[93mLoRa -> STDBY[0m
[93mLoRa -> STDBY[0m
[93mLoRa -> STDBY[0m
[[95m2021-06-19 00:02:20.331093[0m] SX127x LoRa registers:
 modulation         1
 mode               STDBY
 freq               433.000000 MHz
 coding_rate        CR4_5
 bw                 BW62_5
 spreading_factor   4096 chips/symb
 implicit_hdr_mode  ON
 rx_payload_crc     ON
 tx_cont_mode       OFF
 preamble           32
 low_data_rate_opti ON
 agc_auto_on        OFF
 symb_timeout       100
 freq_hop_period    0
 hop_channel        {'pll_timeout': 0, 'crc_on_payload': 0, 'fhss_present_channel': 0}
 payload_length     10
 max_payload_length 255
 irq_flags_mask     {'rx_timeout': 0, 'rx_done': 0, 'crc_error': 0, 'valid_header': 0, 'tx_done': 0, 'cad_done': 0, 'fhss_change_ch': 0, 'cad_detected': 0}
 irq_flags          {'rx_timeout': 0, 'rx_done': 0, 'crc_error': 0, 'valid_header': 0, 'tx_done': 0, 'cad_done': 0, 'fhss_change_ch': 0, 'cad_detected': 0}
 rx_nb_byte         0
 rx_header_cnt      0
 rx_packet_cnt      0
 pkt_snr_value      64.000000
 pkt_rssi_value     -164
 rssi_value         -164
 fei                0
 pa_select          PA_BOOST
 max_power          13.800000 dBm
 output_power       13.800000 dBm
 ocp                ON
 ocp_trim           200.000000 mA
 lna_gain           G1
 lna_boost_lf       0b0
 lna_boost_hf       0b0
 detect_optimize    0x3
 detection_thresh   0xa
 sync_word          0x12
 dio_mapping 0..5   [0, 0, 0, 0, 0, 0]
 tcxo               XTAL
 pa_dac             PA_BOOST
 fifo_addr_ptr      0x0
 fifo_tx_base_addr  0x80
 fifo_rx_base_addr  0x0
 fifo_rx_curr_addr  0x0
 fifo_rx_byte_addr  0x0
 status             {'rx_coding_rate': 0, 'modem_clear': 1, 'header_info_valid': 0, 'rx_ongoing': 0, 'signal_sync': 0, 'signal_detected': 0}
 version            0x12

[[95m2021-06-19 00:02:20.331169[0m] create websocket
[93mLoRa -> RXCONT[0m
[[95m2021-06-19 00:02:20.332769[0m] [94mcurrent active thread 4[0m
Enter node ID (18, 19, 20): 
[[95m2021-06-19 00:02:21.337995[0m] reconnecting[1]
[[95m2021-06-19 00:02:22.626343[0m] on_sock_open
[[95m2021-06-19 00:02:22.626399[0m] [92mconnected to server successfully[0m
[[95m2021-06-19 00:02:22.781850[0m] [91mthread_polling[0m
[[95m2021-06-19 00:02:22.781926[0m] [91minvalid literal for int() with base 10: ''[0m
Enter node ID (18, 19, 20): 
[[95m2021-06-19 00:02:23.793381[0m] [91mthread_polling[0m
[[95m2021-06-19 00:02:23.793432[0m] [91minvalid literal for int() with base 10: ''[0m
Enter node ID (18, 19, 20): 
[[95m2021-06-19 00:02:24.799779[0m] [91mthread_polling[0m
[[95m2021-06-19 00:02:24.799831[0m] [91minvalid literal for int() with base 10: ''[0m
Enter node ID (18, 19, 20): 
[[95m2021-06-19 00:02:25.806172[0m] [91mthread_polling[0m
[[95m2021-06-19 00:02:25.806224[0m] [91minvalid literal for int() with base 10: ''[0m
Enter node ID (18, 19, 20): 
[[95m2021-06-19 00:02:26.822743[0m] [91mthread_polling[0m
[[95m2021-06-19 00:02:26.822796[0m] [91minvalid literal for int() with base 10: ''[0m
Enter node ID (18, 19, 20): 
[[95m2021-06-19 00:02:27.839312[0m] [91mthread_polling[0m
[[95m2021-06-19 00:02:27.839367[0m] [91minvalid literal for int() with base 10: ''[0m
Enter node ID (18, 19, 20): 
[93mLoRa -> SLEEP[0m
[[95m2021-06-19 00:02:44.944574[0m] Exit
[[95m2021-06-19 00:02:50.844571[0m] LoRaGateWay Start
[[95m2021-06-19 00:02:51.265450[0m] start lora config
[93mLoRa -> SLEEP[0m
[93mLoRa -> FSK_STDBY[0m
[93mLoRa -> SLEEP[0m
[93mLoRa -> SLEEP[0m
[93mLoRa -> STDBY[0m
[93mLoRa -> STDBY[0m
[93mLoRa -> STDBY[0m
[[95m2021-06-19 00:02:51.363784[0m] SX127x LoRa registers:
 modulation         1
 mode               STDBY
 freq               433.000000 MHz
 coding_rate        CR4_5
 bw                 BW62_5
 spreading_factor   4096 chips/symb
 implicit_hdr_mode  ON
 rx_payload_crc     ON
 tx_cont_mode       OFF
 preamble           32
 low_data_rate_opti ON
 agc_auto_on        OFF
 symb_timeout       100
 freq_hop_period    0
 hop_channel        {'pll_timeout': 0, 'crc_on_payload': 0, 'fhss_present_channel': 0}
 payload_length     10
 max_payload_length 255
 irq_flags_mask     {'rx_timeout': 0, 'rx_done': 0, 'crc_error': 0, 'valid_header': 0, 'tx_done': 0, 'cad_done': 0, 'fhss_change_ch': 0, 'cad_detected': 0}
 irq_flags          {'rx_timeout': 0, 'rx_done': 0, 'crc_error': 0, 'valid_header': 0, 'tx_done': 0, 'cad_done': 0, 'fhss_change_ch': 0, 'cad_detected': 0}
 rx_nb_byte         0
 rx_header_cnt      0
 rx_packet_cnt      0
 pkt_snr_value      64.000000
 pkt_rssi_value     -164
 rssi_value         -164
 fei                0
 pa_select          PA_BOOST
 max_power          13.800000 dBm
 output_power       13.800000 dBm
 ocp                ON
 ocp_trim           200.000000 mA
 lna_gain           G1
 lna_boost_lf       0b0
 lna_boost_hf       0b0
 detect_optimize    0x3
 detection_thresh   0xa
 sync_word          0x12
 dio_mapping 0..5   [0, 0, 0, 0, 0, 0]
 tcxo               XTAL
 pa_dac             PA_BOOST
 fifo_addr_ptr      0x0
 fifo_tx_base_addr  0x80
 fifo_rx_base_addr  0x0
 fifo_rx_curr_addr  0x0
 fifo_rx_byte_addr  0x0
 status             {'rx_coding_rate': 0, 'modem_clear': 1, 'header_info_valid': 0, 'rx_ongoing': 0, 'signal_sync': 0, 'signal_detected': 0}
 version            0x12

[[95m2021-06-19 00:02:51.363858[0m] create websocket
[93mLoRa -> RXCONT[0m
[[95m2021-06-19 00:02:51.365845[0m] [94mcurrent active thread 4[0m
Enter node ID (18, 19, 20): 
[[95m2021-06-19 00:54:01.052461[0m] LoRaGateWay Start
[[95m2021-06-19 00:54:01.473357[0m] start lora config
[93mLoRa -> SLEEP[0m
[93mLoRa -> FSK_STDBY[0m
[93mLoRa -> SLEEP[0m
[93mLoRa -> SLEEP[0m
[93mLoRa -> STDBY[0m
[93mLoRa -> STDBY[0m
[93mLoRa -> STDBY[0m
[[95m2021-06-19 00:54:01.561577[0m] SX127x LoRa registers:
 modulation         1
 mode               STDBY
 freq               433.000000 MHz
 coding_rate        CR4_5
 bw                 BW62_5
 spreading_factor   4096 chips/symb
 implicit_hdr_mode  ON
 rx_payload_crc     ON
 tx_cont_mode       OFF
 preamble           32
 low_data_rate_opti ON
 agc_auto_on        OFF
 symb_timeout       100
 freq_hop_period    0
 hop_channel        {'pll_timeout': 0, 'crc_on_payload': 0, 'fhss_present_channel': 0}
 payload_length     10
 max_payload_length 255
 irq_flags_mask     {'rx_timeout': 0, 'rx_done': 0, 'crc_error': 0, 'valid_header': 0, 'tx_done': 0, 'cad_done': 0, 'fhss_change_ch': 0, 'cad_detected': 0}
 irq_flags          {'rx_timeout': 0, 'rx_done': 0, 'crc_error': 0, 'valid_header': 0, 'tx_done': 0, 'cad_done': 0, 'fhss_change_ch': 0, 'cad_detected': 0}
 rx_nb_byte         0
 rx_header_cnt      0
 rx_packet_cnt      0
 pkt_snr_value      64.000000
 pkt_rssi_value     -164
 rssi_value         -164
 fei                0
 pa_select          PA_BOOST
 max_power          13.800000 dBm
 output_power       13.800000 dBm
 ocp                ON
 ocp_trim           200.000000 mA
 lna_gain           G1
 lna_boost_lf       0b0
 lna_boost_hf       0b0
 detect_optimize    0x3
 detection_thresh   0xa
 sync_word          0x12
 dio_mapping 0..5   [0, 0, 0, 0, 0, 0]
 tcxo               XTAL
 pa_dac             PA_BOOST
 fifo_addr_ptr      0x0
 fifo_tx_base_addr  0x80
 fifo_rx_base_addr  0x0
 fifo_rx_curr_addr  0x0
 fifo_rx_byte_addr  0x0
 status             {'rx_coding_rate': 0, 'modem_clear': 1, 'header_info_valid': 0, 'rx_ongoing': 0, 'signal_sync': 0, 'signal_detected': 0}
 version            0x12

[[95m2021-06-19 00:54:01.561636[0m] create websocket
[93mLoRa -> RXCONT[0m
[[95m2021-06-19 00:54:01.563948[0m] [94mcurrent active thread 4[0m
[[95m2021-06-19 00:54:02.568203[0m] reconnecting[1]
Enter node ID (18, 19, 20): 
[[95m2021-06-19 00:54:03.797810[0m] on_sock_open
[[95m2021-06-19 00:54:03.797880[0m] [92mconnected to server successfully[0m
